2019-11-19 16:35:08,437 CRIT Supervisor running as root (no user in config file)
2019-11-19 16:35:08,437 INFO Included extra file "/etc/supervisor/conf.d/supervisord.conf" during parsing
2019-11-19 16:35:08,444 INFO RPC interface 'supervisor' initialized
2019-11-19 16:35:08,444 CRIT Server 'inet_http_server' running without any HTTP authentication checking
2019-11-19 16:35:08,445 INFO RPC interface 'supervisor' initialized
2019-11-19 16:35:08,445 CRIT Server 'unix_http_server' running without any HTTP authentication checking
2019-11-19 16:35:08,445 INFO supervisord started with pid 1
2019-11-19 16:35:09,449 INFO spawned: 'php7.3-fpm' with pid 8
2019-11-19 16:35:09,452 INFO spawned: 'php5.6-fpm' with pid 9
2019-11-19 16:35:09,455 INFO spawned: 'apache2' with pid 10
2019-11-19 16:35:10,488 INFO success: php7.3-fpm entered RUNNING state, process has stayed up for > than 1 seconds (startsecs)
2019-11-19 16:35:10,488 INFO success: php5.6-fpm entered RUNNING state, process has stayed up for > than 1 seconds (startsecs)
2019-11-19 16:35:10,488 INFO success: apache2 entered RUNNING state, process has stayed up for > than 1 seconds (startsecs)
2019-11-19 17:27:51,538 WARN received SIGINT indicating exit request
2019-11-19 17:27:51,541 INFO waiting for php7.3-fpm, php5.6-fpm, apache2 to die
2019-11-19 17:27:51,570 INFO stopped: apache2 (terminated by SIGTERM)
2019-11-19 17:27:51,570 INFO reaped unknown pid 19
2019-11-19 17:27:51,580 INFO stopped: php5.6-fpm (exit status 0)
2019-11-19 17:27:51,597 INFO stopped: php7.3-fpm (exit status 0)
2019-11-19 17:30:46,612 CRIT Supervisor running as root (no user in config file)
2019-11-19 17:30:46,612 INFO Included extra file "/etc/supervisor/conf.d/supervisord.conf" during parsing
2019-11-19 17:30:46,620 INFO RPC interface 'supervisor' initialized
2019-11-19 17:30:46,620 CRIT Server 'inet_http_server' running without any HTTP authentication checking
2019-11-19 17:30:46,620 INFO RPC interface 'supervisor' initialized
2019-11-19 17:30:46,620 CRIT Server 'unix_http_server' running without any HTTP authentication checking
2019-11-19 17:30:46,620 INFO supervisord started with pid 1
2019-11-19 17:30:47,624 INFO spawned: 'php7.3-fpm' with pid 9
2019-11-19 17:30:47,628 INFO spawned: 'php5.6-fpm' with pid 10
2019-11-19 17:30:47,632 INFO spawned: 'apache2' with pid 11
2019-11-19 17:30:48,661 INFO success: php7.3-fpm entered RUNNING state, process has stayed up for > than 1 seconds (startsecs)
2019-11-19 17:30:48,661 INFO success: php5.6-fpm entered RUNNING state, process has stayed up for > than 1 seconds (startsecs)
2019-11-19 17:30:48,661 INFO success: apache2 entered RUNNING state, process has stayed up for > than 1 seconds (startsecs)
2019-11-19 18:11:56,409 WARN received SIGINT indicating exit request
2019-11-19 18:11:56,412 INFO waiting for php7.3-fpm, php5.6-fpm, apache2 to die
2019-11-19 18:11:56,440 INFO stopped: apache2 (terminated by SIGTERM)
2019-11-19 18:11:56,440 INFO reaped unknown pid 20
2019-11-19 18:11:56,447 INFO stopped: php5.6-fpm (exit status 0)
2019-11-19 18:11:56,457 INFO stopped: php7.3-fpm (exit status 0)
2019-11-20 08:29:00,853 CRIT Supervisor running as root (no user in config file)
2019-11-20 08:29:00,853 INFO Included extra file "/etc/supervisor/conf.d/supervisord.conf" during parsing
2019-11-20 08:29:00,861 INFO RPC interface 'supervisor' initialized
2019-11-20 08:29:00,861 CRIT Server 'inet_http_server' running without any HTTP authentication checking
2019-11-20 08:29:00,861 INFO RPC interface 'supervisor' initialized
2019-11-20 08:29:00,861 CRIT Server 'unix_http_server' running without any HTTP authentication checking
2019-11-20 08:29:00,861 INFO supervisord started with pid 1
2019-11-20 08:29:01,864 INFO spawned: 'php7.3-fpm' with pid 8
2019-11-20 08:29:01,867 INFO spawned: 'php5.6-fpm' with pid 9
2019-11-20 08:29:01,869 INFO spawned: 'apache2' with pid 10
2019-11-20 08:29:01,909 INFO exited: apache2 (exit status 1; not expected)
2019-11-20 08:29:02,911 INFO success: php7.3-fpm entered RUNNING state, process has stayed up for > than 1 seconds (startsecs)
2019-11-20 08:29:02,911 INFO success: php5.6-fpm entered RUNNING state, process has stayed up for > than 1 seconds (startsecs)
2019-11-20 08:29:02,913 INFO spawned: 'apache2' with pid 24
2019-11-20 08:29:02,950 INFO exited: apache2 (exit status 1; not expected)
2019-11-20 08:29:04,955 INFO spawned: 'apache2' with pid 27
2019-11-20 08:29:04,995 INFO exited: apache2 (exit status 1; not expected)
2019-11-20 08:29:08,000 INFO spawned: 'apache2' with pid 30
2019-11-20 08:29:08,038 INFO exited: apache2 (exit status 1; not expected)
2019-11-20 08:29:08,038 INFO gave up: apache2 entered FATAL state, too many start retries too quickly
2019-11-20 08:29:09,753 WARN received SIGINT indicating exit request
2019-11-20 08:29:09,754 INFO waiting for php7.3-fpm, php5.6-fpm to die
2019-11-20 08:29:10,462 WARN received SIGINT indicating exit request
2019-11-20 08:29:10,475 INFO stopped: php5.6-fpm (exit status 0)
2019-11-20 08:29:10,481 INFO stopped: php7.3-fpm (exit status 0)
2019-11-20 08:29:36,598 CRIT Supervisor running as root (no user in config file)
2019-11-20 08:29:36,598 INFO Included extra file "/etc/supervisor/conf.d/supervisord.conf" during parsing
2019-11-20 08:29:36,606 INFO RPC interface 'supervisor' initialized
2019-11-20 08:29:36,606 CRIT Server 'inet_http_server' running without any HTTP authentication checking
2019-11-20 08:29:36,606 INFO RPC interface 'supervisor' initialized
2019-11-20 08:29:36,606 CRIT Server 'unix_http_server' running without any HTTP authentication checking
2019-11-20 08:29:36,606 INFO supervisord started with pid 1
2019-11-20 08:29:37,609 INFO spawned: 'php7.3-fpm' with pid 8
2019-11-20 08:29:37,612 INFO spawned: 'php5.6-fpm' with pid 9
2019-11-20 08:29:37,616 INFO spawned: 'apache2' with pid 10
2019-11-20 08:29:37,654 INFO exited: apache2 (exit status 1; not expected)
2019-11-20 08:29:38,656 INFO success: php7.3-fpm entered RUNNING state, process has stayed up for > than 1 seconds (startsecs)
2019-11-20 08:29:38,656 INFO success: php5.6-fpm entered RUNNING state, process has stayed up for > than 1 seconds (startsecs)
2019-11-20 08:29:38,657 INFO spawned: 'apache2' with pid 24
2019-11-20 08:29:38,687 INFO exited: apache2 (exit status 1; not expected)
2019-11-20 08:29:39,007 WARN received SIGINT indicating exit request
2019-11-20 08:29:39,008 INFO waiting for php7.3-fpm, php5.6-fpm to die
2019-11-20 08:29:39,161 WARN received SIGINT indicating exit request
2019-11-20 08:29:39,170 INFO stopped: php5.6-fpm (exit status 0)
2019-11-20 08:29:39,176 INFO stopped: php7.3-fpm (exit status 0)
2019-11-20 08:29:43,476 CRIT Supervisor running as root (no user in config file)
2019-11-20 08:29:43,477 INFO Included extra file "/etc/supervisor/conf.d/supervisord.conf" during parsing
2019-11-20 08:29:43,484 INFO RPC interface 'supervisor' initialized
2019-11-20 08:29:43,484 CRIT Server 'inet_http_server' running without any HTTP authentication checking
2019-11-20 08:29:43,485 INFO RPC interface 'supervisor' initialized
2019-11-20 08:29:43,485 CRIT Server 'unix_http_server' running without any HTTP authentication checking
2019-11-20 08:29:43,485 INFO supervisord started with pid 1
2019-11-20 08:29:44,487 INFO spawned: 'php7.3-fpm' with pid 8
2019-11-20 08:29:44,489 INFO spawned: 'php5.6-fpm' with pid 9
2019-11-20 08:29:44,490 INFO spawned: 'apache2' with pid 10
2019-11-20 08:29:44,532 INFO exited: apache2 (exit status 1; not expected)
2019-11-20 08:29:45,533 INFO success: php7.3-fpm entered RUNNING state, process has stayed up for > than 1 seconds (startsecs)
2019-11-20 08:29:45,534 INFO success: php5.6-fpm entered RUNNING state, process has stayed up for > than 1 seconds (startsecs)
2019-11-20 08:29:45,535 INFO spawned: 'apache2' with pid 24
2019-11-20 08:29:45,572 INFO exited: apache2 (exit status 1; not expected)
2019-11-20 08:29:46,337 WARN received SIGINT indicating exit request
2019-11-20 08:29:46,337 INFO waiting for php7.3-fpm, php5.6-fpm to die
2019-11-20 08:29:46,465 WARN received SIGINT indicating exit request
2019-11-20 08:29:46,472 INFO stopped: php5.6-fpm (exit status 0)
2019-11-20 08:29:46,477 INFO stopped: php7.3-fpm (exit status 0)
2019-11-20 08:32:39,357 CRIT Supervisor running as root (no user in config file)
2019-11-20 08:32:39,357 INFO Included extra file "/etc/supervisor/conf.d/supervisord.conf" during parsing
2019-11-20 08:32:39,364 INFO RPC interface 'supervisor' initialized
2019-11-20 08:32:39,365 CRIT Server 'inet_http_server' running without any HTTP authentication checking
2019-11-20 08:32:39,365 INFO RPC interface 'supervisor' initialized
2019-11-20 08:32:39,365 CRIT Server 'unix_http_server' running without any HTTP authentication checking
2019-11-20 08:32:39,365 INFO supervisord started with pid 1
2019-11-20 08:32:40,369 INFO spawned: 'php7.3-fpm' with pid 8
2019-11-20 08:32:40,371 INFO spawned: 'php5.6-fpm' with pid 9
2019-11-20 08:32:40,373 INFO spawned: 'apache2' with pid 10
2019-11-20 08:32:40,412 INFO exited: apache2 (exit status 1; not expected)
2019-11-20 08:32:41,413 INFO success: php7.3-fpm entered RUNNING state, process has stayed up for > than 1 seconds (startsecs)
2019-11-20 08:32:41,413 INFO success: php5.6-fpm entered RUNNING state, process has stayed up for > than 1 seconds (startsecs)
2019-11-20 08:32:41,415 INFO spawned: 'apache2' with pid 24
2019-11-20 08:32:41,458 INFO exited: apache2 (exit status 1; not expected)
2019-11-20 08:32:43,461 INFO spawned: 'apache2' with pid 27
2019-11-20 08:32:43,493 INFO exited: apache2 (exit status 1; not expected)
2019-11-20 08:32:46,498 INFO spawned: 'apache2' with pid 30
2019-11-20 08:32:46,533 INFO exited: apache2 (exit status 1; not expected)
2019-11-20 08:32:46,533 INFO gave up: apache2 entered FATAL state, too many start retries too quickly
2019-11-20 08:33:05,091 WARN received SIGINT indicating exit request
2019-11-20 08:33:05,091 INFO waiting for php7.3-fpm, php5.6-fpm to die
2019-11-20 08:33:05,266 WARN received SIGINT indicating exit request
2019-11-20 08:33:05,272 INFO stopped: php5.6-fpm (exit status 0)
2019-11-20 08:33:05,279 INFO stopped: php7.3-fpm (exit status 0)
2019-11-20 08:33:27,597 CRIT Supervisor running as root (no user in config file)
2019-11-20 08:33:27,597 INFO Included extra file "/etc/supervisor/conf.d/supervisord.conf" during parsing
2019-11-20 08:33:27,604 INFO RPC interface 'supervisor' initialized
2019-11-20 08:33:27,604 CRIT Server 'inet_http_server' running without any HTTP authentication checking
2019-11-20 08:33:27,605 INFO RPC interface 'supervisor' initialized
2019-11-20 08:33:27,605 CRIT Server 'unix_http_server' running without any HTTP authentication checking
2019-11-20 08:33:27,605 INFO supervisord started with pid 1
2019-11-20 08:33:28,609 INFO spawned: 'php7.3-fpm' with pid 8
2019-11-20 08:33:28,612 INFO spawned: 'php5.6-fpm' with pid 9
2019-11-20 08:33:28,614 INFO spawned: 'apache2' with pid 10
2019-11-20 08:33:28,653 INFO exited: apache2 (exit status 1; not expected)
2019-11-20 08:33:29,655 INFO success: php7.3-fpm entered RUNNING state, process has stayed up for > than 1 seconds (startsecs)
2019-11-20 08:33:29,655 INFO success: php5.6-fpm entered RUNNING state, process has stayed up for > than 1 seconds (startsecs)
2019-11-20 08:33:29,656 INFO spawned: 'apache2' with pid 24
2019-11-20 08:33:29,692 INFO exited: apache2 (exit status 1; not expected)
2019-11-20 08:33:30,072 WARN received SIGINT indicating exit request
2019-11-20 08:33:30,072 INFO waiting for php7.3-fpm, php5.6-fpm to die
2019-11-20 08:33:30,213 WARN received SIGINT indicating exit request
2019-11-20 08:33:30,221 INFO stopped: php5.6-fpm (exit status 0)
2019-11-20 08:33:30,226 INFO stopped: php7.3-fpm (exit status 0)
2019-11-20 09:22:44,931 CRIT Supervisor running as root (no user in config file)
2019-11-20 09:22:44,931 INFO Included extra file "/etc/supervisor/conf.d/supervisord.conf" during parsing
2019-11-20 09:22:44,939 INFO RPC interface 'supervisor' initialized
2019-11-20 09:22:44,939 CRIT Server 'inet_http_server' running without any HTTP authentication checking
2019-11-20 09:22:44,939 INFO RPC interface 'supervisor' initialized
2019-11-20 09:22:44,939 CRIT Server 'unix_http_server' running without any HTTP authentication checking
2019-11-20 09:22:44,939 INFO supervisord started with pid 1
2019-11-20 09:22:45,943 INFO spawned: 'php7.3-fpm' with pid 9
2019-11-20 09:22:45,945 INFO spawned: 'php5.6-fpm' with pid 10
2019-11-20 09:22:45,947 INFO spawned: 'apache2' with pid 11
2019-11-20 09:22:45,988 INFO exited: apache2 (exit status 1; not expected)
2019-11-20 09:22:46,739 WARN received SIGINT indicating exit request
2019-11-20 09:22:46,740 INFO waiting for php7.3-fpm, php5.6-fpm to die
2019-11-20 09:22:46,894 WARN received SIGINT indicating exit request
2019-11-20 09:22:46,904 INFO stopped: php5.6-fpm (exit status 0)
2019-11-20 09:22:46,910 INFO stopped: php7.3-fpm (exit status 0)
2019-11-20 09:24:01,484 CRIT Supervisor running as root (no user in config file)
2019-11-20 09:24:01,484 INFO Included extra file "/etc/supervisor/conf.d/supervisord.conf" during parsing
2019-11-20 09:24:01,491 INFO RPC interface 'supervisor' initialized
2019-11-20 09:24:01,491 CRIT Server 'inet_http_server' running without any HTTP authentication checking
2019-11-20 09:24:01,491 INFO RPC interface 'supervisor' initialized
2019-11-20 09:24:01,492 CRIT Server 'unix_http_server' running without any HTTP authentication checking
2019-11-20 09:24:01,492 INFO supervisord started with pid 1
2019-11-20 09:24:02,494 INFO spawned: 'php7.3-fpm' with pid 8
2019-11-20 09:24:02,495 INFO spawned: 'php5.6-fpm' with pid 9
2019-11-20 09:24:02,497 INFO spawned: 'apache2' with pid 10
2019-11-20 09:24:03,531 INFO success: php7.3-fpm entered RUNNING state, process has stayed up for > than 1 seconds (startsecs)
2019-11-20 09:24:03,531 INFO success: php5.6-fpm entered RUNNING state, process has stayed up for > than 1 seconds (startsecs)
2019-11-20 09:24:03,531 INFO success: apache2 entered RUNNING state, process has stayed up for > than 1 seconds (startsecs)
2019-11-20 09:25:22,315 WARN received SIGINT indicating exit request
2019-11-20 09:25:22,315 INFO waiting for php7.3-fpm, php5.6-fpm, apache2 to die
2019-11-20 09:25:23,317 INFO stopped: apache2 (terminated by SIGTERM)
2019-11-20 09:25:23,326 INFO stopped: php5.6-fpm (exit status 0)
2019-11-20 09:25:23,333 INFO stopped: php7.3-fpm (exit status 0)
2019-11-20 09:26:15,671 CRIT Supervisor running as root (no user in config file)
2019-11-20 09:26:15,671 INFO Included extra file "/etc/supervisor/conf.d/supervisord.conf" during parsing
2019-11-20 09:26:15,678 INFO RPC interface 'supervisor' initialized
2019-11-20 09:26:15,678 CRIT Server 'inet_http_server' running without any HTTP authentication checking
2019-11-20 09:26:15,679 INFO RPC interface 'supervisor' initialized
2019-11-20 09:26:15,679 CRIT Server 'unix_http_server' running without any HTTP authentication checking
2019-11-20 09:26:15,679 INFO supervisord started with pid 1
2019-11-20 09:26:16,682 INFO spawned: 'php7.3-fpm' with pid 9
2019-11-20 09:26:16,685 INFO spawned: 'php5.6-fpm' with pid 10
2019-11-20 09:26:16,687 INFO spawned: 'apache2' with pid 11
2019-11-20 09:26:17,724 INFO success: php7.3-fpm entered RUNNING state, process has stayed up for > than 1 seconds (startsecs)
2019-11-20 09:26:17,725 INFO success: php5.6-fpm entered RUNNING state, process has stayed up for > than 1 seconds (startsecs)
2019-11-20 09:26:17,725 INFO success: apache2 entered RUNNING state, process has stayed up for > than 1 seconds (startsecs)
2019-11-20 09:27:01,251 WARN received SIGINT indicating exit request
2019-11-20 09:27:01,252 INFO waiting for php7.3-fpm, php5.6-fpm, apache2 to die
2019-11-20 09:27:02,253 INFO stopped: apache2 (terminated by SIGTERM)
2019-11-20 09:27:02,264 INFO stopped: php5.6-fpm (exit status 0)
2019-11-20 09:27:02,271 INFO stopped: php7.3-fpm (exit status 0)
2019-11-20 09:27:21,199 CRIT Supervisor running as root (no user in config file)
2019-11-20 09:27:21,200 INFO Included extra file "/etc/supervisor/conf.d/supervisord.conf" during parsing
2019-11-20 09:27:21,207 INFO RPC interface 'supervisor' initialized
2019-11-20 09:27:21,207 CRIT Server 'inet_http_server' running without any HTTP authentication checking
2019-11-20 09:27:21,207 INFO RPC interface 'supervisor' initialized
2019-11-20 09:27:21,208 CRIT Server 'unix_http_server' running without any HTTP authentication checking
2019-11-20 09:27:21,208 INFO supervisord started with pid 1
2019-11-20 09:27:22,210 INFO spawned: 'php7.3-fpm' with pid 8
2019-11-20 09:27:22,212 INFO spawned: 'php5.6-fpm' with pid 9
2019-11-20 09:27:22,214 INFO spawned: 'apache2' with pid 10
2019-11-20 09:27:23,254 INFO success: php7.3-fpm entered RUNNING state, process has stayed up for > than 1 seconds (startsecs)
2019-11-20 09:27:23,254 INFO success: php5.6-fpm entered RUNNING state, process has stayed up for > than 1 seconds (startsecs)
2019-11-20 09:27:23,254 INFO success: apache2 entered RUNNING state, process has stayed up for > than 1 seconds (startsecs)
2019-11-20 09:27:29,048 WARN received SIGINT indicating exit request
2019-11-20 09:27:29,048 INFO waiting for php7.3-fpm, php5.6-fpm, apache2 to die
2019-11-20 09:27:29,217 INFO stopped: apache2 (terminated by SIGTERM)
2019-11-20 09:27:29,217 WARN received SIGINT indicating exit request
2019-11-20 09:27:29,224 INFO stopped: php5.6-fpm (exit status 0)
2019-11-20 09:27:29,231 INFO stopped: php7.3-fpm (exit status 0)
2019-11-20 09:28:57,676 CRIT Supervisor running as root (no user in config file)
2019-11-20 09:28:57,676 INFO Included extra file "/etc/supervisor/conf.d/supervisord.conf" during parsing
2019-11-20 09:28:57,689 INFO RPC interface 'supervisor' initialized
2019-11-20 09:28:57,689 CRIT Server 'inet_http_server' running without any HTTP authentication checking
2019-11-20 09:28:57,689 INFO RPC interface 'supervisor' initialized
2019-11-20 09:28:57,689 CRIT Server 'unix_http_server' running without any HTTP authentication checking
2019-11-20 09:28:57,689 INFO supervisord started with pid 1
2019-11-20 09:28:58,691 INFO spawned: 'php7.3-fpm' with pid 8
2019-11-20 09:28:58,693 INFO spawned: 'php5.6-fpm' with pid 9
2019-11-20 09:28:58,694 INFO spawned: 'apache2' with pid 10
2019-11-20 09:28:59,955 INFO success: php7.3-fpm entered RUNNING state, process has stayed up for > than 1 seconds (startsecs)
2019-11-20 09:28:59,955 INFO success: php5.6-fpm entered RUNNING state, process has stayed up for > than 1 seconds (startsecs)
2019-11-20 09:28:59,955 INFO success: apache2 entered RUNNING state, process has stayed up for > than 1 seconds (startsecs)
2019-11-20 09:32:44,483 WARN received SIGINT indicating exit request
2019-11-20 09:32:44,483 INFO waiting for php7.3-fpm, php5.6-fpm, apache2 to die
2019-11-20 09:32:44,483 INFO stopped: apache2 (terminated by SIGTERM)
2019-11-20 09:32:44,491 INFO stopped: php5.6-fpm (exit status 0)
2019-11-20 09:32:44,499 INFO stopped: php7.3-fpm (exit status 0)
2019-11-20 09:32:46,792 CRIT Supervisor running as root (no user in config file)
2019-11-20 09:32:46,792 INFO Included extra file "/etc/supervisor/conf.d/supervisord.conf" during parsing
2019-11-20 09:32:46,799 INFO RPC interface 'supervisor' initialized
2019-11-20 09:32:46,800 CRIT Server 'inet_http_server' running without any HTTP authentication checking
2019-11-20 09:32:46,800 INFO RPC interface 'supervisor' initialized
2019-11-20 09:32:46,800 CRIT Server 'unix_http_server' running without any HTTP authentication checking
2019-11-20 09:32:46,800 INFO supervisord started with pid 1
2019-11-20 09:32:47,803 INFO spawned: 'php7.3-fpm' with pid 8
2019-11-20 09:32:47,805 INFO spawned: 'php5.6-fpm' with pid 9
2019-11-20 09:32:47,807 INFO spawned: 'apache2' with pid 10
2019-11-20 09:32:48,845 INFO success: php7.3-fpm entered RUNNING state, process has stayed up for > than 1 seconds (startsecs)
2019-11-20 09:32:48,845 INFO success: php5.6-fpm entered RUNNING state, process has stayed up for > than 1 seconds (startsecs)
2019-11-20 09:32:48,845 INFO success: apache2 entered RUNNING state, process has stayed up for > than 1 seconds (startsecs)
2019-11-20 09:35:37,595 WARN received SIGINT indicating exit request
2019-11-20 09:35:37,595 INFO waiting for php7.3-fpm, php5.6-fpm, apache2 to die
2019-11-20 09:35:37,625 INFO stopped: apache2 (terminated by SIGTERM)
2019-11-20 09:35:37,625 INFO reaped unknown pid 19
2019-11-20 09:35:37,636 INFO stopped: php5.6-fpm (exit status 0)
2019-11-20 09:35:37,642 INFO stopped: php7.3-fpm (exit status 0)
2019-11-20 09:35:48,601 CRIT Supervisor running as root (no user in config file)
2019-11-20 09:35:48,601 INFO Included extra file "/etc/supervisor/conf.d/supervisord.conf" during parsing
2019-11-20 09:35:48,608 INFO RPC interface 'supervisor' initialized
2019-11-20 09:35:48,608 CRIT Server 'inet_http_server' running without any HTTP authentication checking
2019-11-20 09:35:48,608 INFO RPC interface 'supervisor' initialized
2019-11-20 09:35:48,608 CRIT Server 'unix_http_server' running without any HTTP authentication checking
2019-11-20 09:35:48,609 INFO supervisord started with pid 1
2019-11-20 09:35:49,612 INFO spawned: 'php7.3-fpm' with pid 11
2019-11-20 09:35:49,616 INFO spawned: 'php5.6-fpm' with pid 12
2019-11-20 09:35:49,619 INFO spawned: 'apache2' with pid 13
2019-11-20 09:35:50,652 INFO success: php7.3-fpm entered RUNNING state, process has stayed up for > than 1 seconds (startsecs)
2019-11-20 09:35:50,653 INFO success: php5.6-fpm entered RUNNING state, process has stayed up for > than 1 seconds (startsecs)
2019-11-20 09:35:50,653 INFO success: apache2 entered RUNNING state, process has stayed up for > than 1 seconds (startsecs)
2019-11-20 09:37:23,531 WARN received SIGINT indicating exit request
2019-11-20 09:37:23,531 INFO waiting for php7.3-fpm, php5.6-fpm, apache2 to die
2019-11-20 09:37:24,533 INFO stopped: apache2 (terminated by SIGTERM)
2019-11-20 09:37:24,546 INFO stopped: php5.6-fpm (exit status 0)
2019-11-20 09:37:24,555 INFO stopped: php7.3-fpm (exit status 0)
2019-11-20 09:37:51,329 CRIT Supervisor running as root (no user in config file)
2019-11-20 09:37:51,329 INFO Included extra file "/etc/supervisor/conf.d/supervisord.conf" during parsing
2019-11-20 09:37:51,336 INFO RPC interface 'supervisor' initialized
2019-11-20 09:37:51,336 CRIT Server 'inet_http_server' running without any HTTP authentication checking
2019-11-20 09:37:51,336 INFO RPC interface 'supervisor' initialized
2019-11-20 09:37:51,336 CRIT Server 'unix_http_server' running without any HTTP authentication checking
2019-11-20 09:37:51,336 INFO supervisord started with pid 1
2019-11-20 09:37:52,338 INFO spawned: 'php7.3-fpm' with pid 8
2019-11-20 09:37:52,339 INFO spawned: 'php5.6-fpm' with pid 9
2019-11-20 09:37:52,340 INFO spawned: 'apache2' with pid 10
2019-11-20 09:37:53,373 INFO success: php7.3-fpm entered RUNNING state, process has stayed up for > than 1 seconds (startsecs)
2019-11-20 09:37:53,373 INFO success: php5.6-fpm entered RUNNING state, process has stayed up for > than 1 seconds (startsecs)
2019-11-20 09:37:53,373 INFO success: apache2 entered RUNNING state, process has stayed up for > than 1 seconds (startsecs)
2019-11-20 09:39:15,033 WARN received SIGINT indicating exit request
2019-11-20 09:39:15,034 INFO waiting for php7.3-fpm, php5.6-fpm, apache2 to die
2019-11-20 09:39:16,036 INFO stopped: apache2 (terminated by SIGTERM)
2019-11-20 09:39:16,043 INFO stopped: php5.6-fpm (exit status 0)
2019-11-20 09:39:16,053 INFO stopped: php7.3-fpm (exit status 0)
2019-11-20 09:39:52,451 CRIT Supervisor running as root (no user in config file)
2019-11-20 09:39:52,451 INFO Included extra file "/etc/supervisor/conf.d/supervisord.conf" during parsing
2019-11-20 09:39:52,458 INFO RPC interface 'supervisor' initialized
2019-11-20 09:39:52,458 CRIT Server 'inet_http_server' running without any HTTP authentication checking
2019-11-20 09:39:52,458 INFO RPC interface 'supervisor' initialized
2019-11-20 09:39:52,458 CRIT Server 'unix_http_server' running without any HTTP authentication checking
2019-11-20 09:39:52,458 INFO supervisord started with pid 1
2019-11-20 09:39:53,462 INFO spawned: 'php7.3-fpm' with pid 8
2019-11-20 09:39:53,465 INFO spawned: 'php5.6-fpm' with pid 9
2019-11-20 09:39:53,468 INFO spawned: 'apache2' with pid 10
2019-11-20 09:39:54,509 INFO success: php7.3-fpm entered RUNNING state, process has stayed up for > than 1 seconds (startsecs)
2019-11-20 09:39:54,509 INFO success: php5.6-fpm entered RUNNING state, process has stayed up for > than 1 seconds (startsecs)
2019-11-20 09:39:54,510 INFO success: apache2 entered RUNNING state, process has stayed up for > than 1 seconds (startsecs)
2019-11-20 09:44:35,025 WARN received SIGINT indicating exit request
2019-11-20 09:44:35,025 INFO waiting for php7.3-fpm, php5.6-fpm, apache2 to die
2019-11-20 09:44:35,026 INFO stopped: apache2 (terminated by SIGTERM)
2019-11-20 09:44:35,034 INFO stopped: php5.6-fpm (exit status 0)
2019-11-20 09:44:35,041 INFO stopped: php7.3-fpm (exit status 0)
2019-11-20 09:44:38,517 CRIT Supervisor running as root (no user in config file)
2019-11-20 09:44:38,517 INFO Included extra file "/etc/supervisor/conf.d/supervisord.conf" during parsing
2019-11-20 09:44:38,525 INFO RPC interface 'supervisor' initialized
2019-11-20 09:44:38,525 CRIT Server 'inet_http_server' running without any HTTP authentication checking
2019-11-20 09:44:38,525 INFO RPC interface 'supervisor' initialized
2019-11-20 09:44:38,525 CRIT Server 'unix_http_server' running without any HTTP authentication checking
2019-11-20 09:44:38,525 INFO supervisord started with pid 1
2019-11-20 09:44:39,527 INFO spawned: 'php7.3-fpm' with pid 8
2019-11-20 09:44:39,529 INFO spawned: 'php5.6-fpm' with pid 9
2019-11-20 09:44:39,531 INFO spawned: 'apache2' with pid 10
2019-11-20 09:44:40,569 INFO success: php7.3-fpm entered RUNNING state, process has stayed up for > than 1 seconds (startsecs)
2019-11-20 09:44:40,569 INFO success: php5.6-fpm entered RUNNING state, process has stayed up for > than 1 seconds (startsecs)
2019-11-20 09:44:40,570 INFO success: apache2 entered RUNNING state, process has stayed up for > than 1 seconds (startsecs)
2019-11-20 09:45:01,059 WARN received SIGINT indicating exit request
2019-11-20 09:45:01,059 INFO waiting for php7.3-fpm, php5.6-fpm, apache2 to die
2019-11-20 09:45:01,089 INFO stopped: apache2 (terminated by SIGTERM)
2019-11-20 09:45:01,089 INFO reaped unknown pid 19
2019-11-20 09:45:01,098 INFO stopped: php5.6-fpm (exit status 0)
2019-11-20 09:45:01,105 INFO stopped: php7.3-fpm (exit status 0)
2019-11-20 09:51:29,290 CRIT Supervisor running as root (no user in config file)
2019-11-20 09:51:29,290 INFO Included extra file "/etc/supervisor/conf.d/supervisord.conf" during parsing
2019-11-20 09:51:29,298 INFO RPC interface 'supervisor' initialized
2019-11-20 09:51:29,298 CRIT Server 'inet_http_server' running without any HTTP authentication checking
2019-11-20 09:51:29,298 INFO RPC interface 'supervisor' initialized
2019-11-20 09:51:29,298 CRIT Server 'unix_http_server' running without any HTTP authentication checking
2019-11-20 09:51:29,298 INFO supervisord started with pid 1
2019-11-20 09:51:30,300 INFO spawned: 'php7.3-fpm' with pid 8
2019-11-20 09:51:30,301 INFO spawned: 'php5.6-fpm' with pid 9
2019-11-20 09:51:30,302 INFO spawned: 'apache2' with pid 10
2019-11-20 09:51:31,342 INFO success: php7.3-fpm entered RUNNING state, process has stayed up for > than 1 seconds (startsecs)
2019-11-20 09:51:31,342 INFO success: php5.6-fpm entered RUNNING state, process has stayed up for > than 1 seconds (startsecs)
2019-11-20 09:51:31,342 INFO success: apache2 entered RUNNING state, process has stayed up for > than 1 seconds (startsecs)
2019-11-20 09:54:46,563 WARN received SIGINT indicating exit request
2019-11-20 09:54:46,563 INFO waiting for php7.3-fpm, php5.6-fpm, apache2 to die
2019-11-20 09:54:47,564 INFO stopped: apache2 (terminated by SIGTERM)
2019-11-20 09:54:47,577 INFO stopped: php5.6-fpm (exit status 0)
2019-11-20 09:54:47,583 INFO stopped: php7.3-fpm (exit status 0)
2019-11-20 09:54:49,747 CRIT Supervisor running as root (no user in config file)
2019-11-20 09:54:49,747 INFO Included extra file "/etc/supervisor/conf.d/supervisord.conf" during parsing
2019-11-20 09:54:49,754 INFO RPC interface 'supervisor' initialized
2019-11-20 09:54:49,754 CRIT Server 'inet_http_server' running without any HTTP authentication checking
2019-11-20 09:54:49,755 INFO RPC interface 'supervisor' initialized
2019-11-20 09:54:49,755 CRIT Server 'unix_http_server' running without any HTTP authentication checking
2019-11-20 09:54:49,755 INFO supervisord started with pid 1
2019-11-20 09:54:50,758 INFO spawned: 'php7.3-fpm' with pid 8
2019-11-20 09:54:50,759 INFO spawned: 'php5.6-fpm' with pid 9
2019-11-20 09:54:50,761 INFO spawned: 'apache2' with pid 10
2019-11-20 09:54:51,799 INFO success: php7.3-fpm entered RUNNING state, process has stayed up for > than 1 seconds (startsecs)
2019-11-20 09:54:51,799 INFO success: php5.6-fpm entered RUNNING state, process has stayed up for > than 1 seconds (startsecs)
2019-11-20 09:54:51,799 INFO success: apache2 entered RUNNING state, process has stayed up for > than 1 seconds (startsecs)
2019-11-20 09:57:35,633 WARN received SIGINT indicating exit request
2019-11-20 09:57:35,633 INFO waiting for php7.3-fpm, php5.6-fpm, apache2 to die
2019-11-20 09:57:36,634 INFO stopped: apache2 (terminated by SIGTERM)
2019-11-20 09:57:36,646 INFO stopped: php5.6-fpm (exit status 0)
2019-11-20 09:57:36,653 INFO stopped: php7.3-fpm (exit status 0)
2019-11-20 09:58:37,091 CRIT Supervisor running as root (no user in config file)
2019-11-20 09:58:37,091 INFO Included extra file "/etc/supervisor/conf.d/supervisord.conf" during parsing
2019-11-20 09:58:37,098 INFO RPC interface 'supervisor' initialized
2019-11-20 09:58:37,099 CRIT Server 'inet_http_server' running without any HTTP authentication checking
2019-11-20 09:58:37,099 INFO RPC interface 'supervisor' initialized
2019-11-20 09:58:37,099 CRIT Server 'unix_http_server' running without any HTTP authentication checking
2019-11-20 09:58:37,099 INFO supervisord started with pid 1
2019-11-20 09:58:38,102 INFO spawned: 'php7.3-fpm' with pid 8
2019-11-20 09:58:38,105 INFO spawned: 'php5.6-fpm' with pid 9
2019-11-20 09:58:38,107 INFO spawned: 'apache2' with pid 10
2019-11-20 09:58:39,148 INFO success: php7.3-fpm entered RUNNING state, process has stayed up for > than 1 seconds (startsecs)
2019-11-20 09:58:39,149 INFO success: php5.6-fpm entered RUNNING state, process has stayed up for > than 1 seconds (startsecs)
2019-11-20 09:58:39,149 INFO success: apache2 entered RUNNING state, process has stayed up for > than 1 seconds (startsecs)
2019-11-20 10:05:10,569 WARN received SIGINT indicating exit request
2019-11-20 10:05:10,570 INFO waiting for php7.3-fpm, php5.6-fpm, apache2 to die
2019-11-20 10:05:10,598 INFO stopped: apache2 (terminated by SIGTERM)
2019-11-20 10:05:10,598 INFO reaped unknown pid 19
2019-11-20 10:05:10,607 INFO stopped: php5.6-fpm (exit status 0)
2019-11-20 10:05:10,616 INFO stopped: php7.3-fpm (exit status 0)
2019-11-20 10:09:19,950 CRIT Supervisor running as root (no user in config file)
2019-11-20 10:09:19,950 INFO Included extra file "/etc/supervisor/conf.d/supervisord.conf" during parsing
2019-11-20 10:09:19,957 INFO RPC interface 'supervisor' initialized
2019-11-20 10:09:19,957 CRIT Server 'inet_http_server' running without any HTTP authentication checking
2019-11-20 10:09:19,958 INFO RPC interface 'supervisor' initialized
2019-11-20 10:09:19,958 CRIT Server 'unix_http_server' running without any HTTP authentication checking
2019-11-20 10:09:19,958 INFO supervisord started with pid 1
2019-11-20 10:09:20,960 INFO spawned: 'php7.3-fpm' with pid 8
2019-11-20 10:09:20,963 INFO spawned: 'php5.6-fpm' with pid 9
2019-11-20 10:09:20,965 INFO spawned: 'apache2' with pid 10
2019-11-20 10:09:21,009 INFO exited: apache2 (exit status 1; not expected)
2019-11-20 10:09:22,011 INFO success: php7.3-fpm entered RUNNING state, process has stayed up for > than 1 seconds (startsecs)
2019-11-20 10:09:22,011 INFO success: php5.6-fpm entered RUNNING state, process has stayed up for > than 1 seconds (startsecs)
2019-11-20 10:09:22,012 INFO spawned: 'apache2' with pid 24
2019-11-20 10:09:22,043 INFO exited: apache2 (exit status 1; not expected)
2019-11-20 10:09:24,047 INFO spawned: 'apache2' with pid 27
2019-11-20 10:09:24,089 INFO exited: apache2 (exit status 1; not expected)
2019-11-20 10:09:27,093 INFO spawned: 'apache2' with pid 30
2019-11-20 10:09:27,130 INFO exited: apache2 (exit status 1; not expected)
2019-11-20 10:09:27,130 INFO gave up: apache2 entered FATAL state, too many start retries too quickly
2019-11-20 10:09:52,859 WARN received SIGINT indicating exit request
2019-11-20 10:09:52,859 INFO waiting for php7.3-fpm, php5.6-fpm to die
2019-11-20 10:09:53,869 INFO stopped: php5.6-fpm (exit status 0)
2019-11-20 10:09:53,877 INFO stopped: php7.3-fpm (exit status 0)
2019-11-20 10:09:58,889 CRIT Supervisor running as root (no user in config file)
2019-11-20 10:09:58,889 INFO Included extra file "/etc/supervisor/conf.d/supervisord.conf" during parsing
2019-11-20 10:09:58,896 INFO RPC interface 'supervisor' initialized
2019-11-20 10:09:58,896 CRIT Server 'inet_http_server' running without any HTTP authentication checking
2019-11-20 10:09:58,896 INFO RPC interface 'supervisor' initialized
2019-11-20 10:09:58,896 CRIT Server 'unix_http_server' running without any HTTP authentication checking
2019-11-20 10:09:58,896 INFO supervisord started with pid 1
2019-11-20 10:09:59,899 INFO spawned: 'php7.3-fpm' with pid 10
2019-11-20 10:09:59,900 INFO spawned: 'php5.6-fpm' with pid 11
2019-11-20 10:09:59,902 INFO spawned: 'apache2' with pid 12
2019-11-20 10:10:00,937 INFO success: php7.3-fpm entered RUNNING state, process has stayed up for > than 1 seconds (startsecs)
2019-11-20 10:10:00,937 INFO success: php5.6-fpm entered RUNNING state, process has stayed up for > than 1 seconds (startsecs)
2019-11-20 10:10:00,937 INFO success: apache2 entered RUNNING state, process has stayed up for > than 1 seconds (startsecs)
2019-11-20 10:11:56,448 WARN received SIGINT indicating exit request
2019-11-20 10:11:56,449 INFO waiting for php7.3-fpm, php5.6-fpm, apache2 to die
2019-11-20 10:11:56,478 INFO stopped: apache2 (terminated by SIGTERM)
2019-11-20 10:11:56,478 INFO reaped unknown pid 21
2019-11-20 10:11:56,491 INFO stopped: php5.6-fpm (exit status 0)
2019-11-20 10:11:56,498 INFO stopped: php7.3-fpm (exit status 0)
2019-11-20 10:45:20,511 CRIT Supervisor running as root (no user in config file)
2019-11-20 10:45:20,511 INFO Included extra file "/etc/supervisor/conf.d/supervisord.conf" during parsing
2019-11-20 10:45:20,518 INFO RPC interface 'supervisor' initialized
2019-11-20 10:45:20,518 CRIT Server 'inet_http_server' running without any HTTP authentication checking
2019-11-20 10:45:20,518 INFO RPC interface 'supervisor' initialized
2019-11-20 10:45:20,518 CRIT Server 'unix_http_server' running without any HTTP authentication checking
2019-11-20 10:45:20,518 INFO supervisord started with pid 1
2019-11-20 10:45:21,522 INFO spawned: 'php7.3-fpm' with pid 10
2019-11-20 10:45:21,525 INFO spawned: 'php5.6-fpm' with pid 11
2019-11-20 10:45:21,527 INFO spawned: 'mariadb' with pid 12
2019-11-20 10:45:21,529 INFO spawned: 'apache2' with pid 13
2019-11-20 10:45:22,654 INFO success: php7.3-fpm entered RUNNING state, process has stayed up for > than 1 seconds (startsecs)
2019-11-20 10:45:22,654 INFO success: php5.6-fpm entered RUNNING state, process has stayed up for > than 1 seconds (startsecs)
2019-11-20 10:45:22,655 INFO success: mariadb entered RUNNING state, process has stayed up for > than 1 seconds (startsecs)
2019-11-20 10:45:22,655 INFO success: apache2 entered RUNNING state, process has stayed up for > than 1 seconds (startsecs)
2019-11-20 10:54:06,916 WARN received SIGINT indicating exit request
2019-11-20 10:54:06,916 INFO waiting for php7.3-fpm, php5.6-fpm, mariadb, apache2 to die
2019-11-20 10:54:06,944 INFO stopped: apache2 (terminated by SIGTERM)
2019-11-20 10:54:06,944 INFO reaped unknown pid 23
2019-11-20 10:54:09,039 INFO stopped: mariadb (exit status 0)
2019-11-20 10:54:09,052 INFO stopped: php5.6-fpm (exit status 0)
2019-11-20 10:54:09,057 INFO stopped: php7.3-fpm (exit status 0)
2019-11-20 10:54:12,594 CRIT Supervisor running as root (no user in config file)
2019-11-20 10:54:12,594 INFO Included extra file "/etc/supervisor/conf.d/supervisord.conf" during parsing
2019-11-20 10:54:12,602 INFO RPC interface 'supervisor' initialized
2019-11-20 10:54:12,602 CRIT Server 'inet_http_server' running without any HTTP authentication checking
2019-11-20 10:54:12,603 INFO RPC interface 'supervisor' initialized
2019-11-20 10:54:12,603 CRIT Server 'unix_http_server' running without any HTTP authentication checking
2019-11-20 10:54:12,603 INFO supervisord started with pid 1
2019-11-20 10:54:13,605 INFO spawned: 'php7.3-fpm' with pid 8
2019-11-20 10:54:13,606 INFO spawned: 'php5.6-fpm' with pid 9
2019-11-20 10:54:13,608 INFO spawned: 'mariadb' with pid 10
2019-11-20 10:54:13,609 INFO spawned: 'apache2' with pid 11
2019-11-20 10:54:14,736 INFO success: php7.3-fpm entered RUNNING state, process has stayed up for > than 1 seconds (startsecs)
2019-11-20 10:54:14,736 INFO success: php5.6-fpm entered RUNNING state, process has stayed up for > than 1 seconds (startsecs)
2019-11-20 10:54:14,736 INFO success: mariadb entered RUNNING state, process has stayed up for > than 1 seconds (startsecs)
2019-11-20 10:54:14,736 INFO success: apache2 entered RUNNING state, process has stayed up for > than 1 seconds (startsecs)
2019-11-20 10:56:52,883 WARN received SIGINT indicating exit request
2019-11-20 10:56:52,883 INFO waiting for php7.3-fpm, php5.6-fpm, mariadb, apache2 to die
2019-11-20 10:56:52,912 INFO stopped: apache2 (terminated by SIGTERM)
2019-11-20 10:56:52,912 INFO reaped unknown pid 21
2019-11-20 10:56:54,708 INFO stopped: mariadb (exit status 0)
2019-11-20 10:56:54,720 INFO stopped: php5.6-fpm (exit status 0)
2019-11-20 10:56:54,726 INFO stopped: php7.3-fpm (exit status 0)
2019-11-20 10:56:58,203 CRIT Supervisor running as root (no user in config file)
2019-11-20 10:56:58,203 INFO Included extra file "/etc/supervisor/conf.d/supervisord.conf" during parsing
2019-11-20 10:56:58,210 INFO RPC interface 'supervisor' initialized
2019-11-20 10:56:58,210 CRIT Server 'inet_http_server' running without any HTTP authentication checking
2019-11-20 10:56:58,210 INFO RPC interface 'supervisor' initialized
2019-11-20 10:56:58,210 CRIT Server 'unix_http_server' running without any HTTP authentication checking
2019-11-20 10:56:58,210 INFO supervisord started with pid 1
2019-11-20 10:56:59,214 INFO spawned: 'php7.3-fpm' with pid 8
2019-11-20 10:56:59,216 INFO spawned: 'php5.6-fpm' with pid 9
2019-11-20 10:56:59,218 INFO spawned: 'mariadb' with pid 10
2019-11-20 10:56:59,220 INFO spawned: 'apache2' with pid 11
2019-11-20 10:57:00,350 INFO success: php7.3-fpm entered RUNNING state, process has stayed up for > than 1 seconds (startsecs)
2019-11-20 10:57:00,351 INFO success: php5.6-fpm entered RUNNING state, process has stayed up for > than 1 seconds (startsecs)
2019-11-20 10:57:00,351 INFO success: mariadb entered RUNNING state, process has stayed up for > than 1 seconds (startsecs)
2019-11-20 10:57:00,351 INFO success: apache2 entered RUNNING state, process has stayed up for > than 1 seconds (startsecs)
2019-11-20 10:58:47,036 WARN received SIGINT indicating exit request
2019-11-20 10:58:47,036 INFO waiting for php7.3-fpm, php5.6-fpm, mariadb, apache2 to die
2019-11-20 10:58:47,065 INFO stopped: apache2 (terminated by SIGTERM)
2019-11-20 10:58:47,065 INFO reaped unknown pid 21
2019-11-20 10:58:49,351 INFO stopped: mariadb (exit status 0)
2019-11-20 10:58:49,363 INFO stopped: php5.6-fpm (exit status 0)
2019-11-20 10:58:49,372 INFO stopped: php7.3-fpm (exit status 0)
2019-11-20 10:58:52,657 CRIT Supervisor running as root (no user in config file)
2019-11-20 10:58:52,657 INFO Included extra file "/etc/supervisor/conf.d/supervisord.conf" during parsing
2019-11-20 10:58:52,664 INFO RPC interface 'supervisor' initialized
2019-11-20 10:58:52,664 CRIT Server 'inet_http_server' running without any HTTP authentication checking
2019-11-20 10:58:52,664 INFO RPC interface 'supervisor' initialized
2019-11-20 10:58:52,665 CRIT Server 'unix_http_server' running without any HTTP authentication checking
2019-11-20 10:58:52,665 INFO supervisord started with pid 1
2019-11-20 10:58:53,667 INFO spawned: 'php7.3-fpm' with pid 8
2019-11-20 10:58:53,669 INFO spawned: 'php5.6-fpm' with pid 9
2019-11-20 10:58:53,671 INFO spawned: 'mariadb' with pid 10
2019-11-20 10:58:53,673 INFO spawned: 'apache2' with pid 11
2019-11-20 10:58:54,799 INFO success: php7.3-fpm entered RUNNING state, process has stayed up for > than 1 seconds (startsecs)
2019-11-20 10:58:54,799 INFO success: php5.6-fpm entered RUNNING state, process has stayed up for > than 1 seconds (startsecs)
2019-11-20 10:58:54,799 INFO success: mariadb entered RUNNING state, process has stayed up for > than 1 seconds (startsecs)
2019-11-20 10:58:54,800 INFO success: apache2 entered RUNNING state, process has stayed up for > than 1 seconds (startsecs)
2019-11-20 11:03:28,171 WARN received SIGINT indicating exit request
2019-11-20 11:03:28,171 INFO waiting for php7.3-fpm, php5.6-fpm, mariadb, apache2 to die
2019-11-20 11:03:28,171 INFO stopped: apache2 (terminated by SIGTERM)
2019-11-20 11:03:28,199 INFO reaped unknown pid 21
2019-11-20 11:03:30,947 INFO stopped: mariadb (exit status 0)
2019-11-20 11:03:30,958 INFO stopped: php5.6-fpm (exit status 0)
2019-11-20 11:03:30,963 INFO stopped: php7.3-fpm (exit status 0)
2019-11-20 11:04:13,407 CRIT Supervisor running as root (no user in config file)
2019-11-20 11:04:13,407 INFO Included extra file "/etc/supervisor/conf.d/supervisord.conf" during parsing
2019-11-20 11:04:13,415 INFO RPC interface 'supervisor' initialized
2019-11-20 11:04:13,415 CRIT Server 'inet_http_server' running without any HTTP authentication checking
2019-11-20 11:04:13,415 INFO RPC interface 'supervisor' initialized
2019-11-20 11:04:13,415 CRIT Server 'unix_http_server' running without any HTTP authentication checking
2019-11-20 11:04:13,415 INFO supervisord started with pid 1
2019-11-20 11:04:14,419 INFO spawned: 'php7.3-fpm' with pid 8
2019-11-20 11:04:14,422 INFO spawned: 'php5.6-fpm' with pid 9
2019-11-20 11:04:14,424 INFO spawned: 'mariadb' with pid 10
2019-11-20 11:04:14,426 INFO spawned: 'apache2' with pid 11
2019-11-20 11:04:15,546 INFO success: php7.3-fpm entered RUNNING state, process has stayed up for > than 1 seconds (startsecs)
2019-11-20 11:04:15,547 INFO success: php5.6-fpm entered RUNNING state, process has stayed up for > than 1 seconds (startsecs)
2019-11-20 11:04:15,547 INFO success: mariadb entered RUNNING state, process has stayed up for > than 1 seconds (startsecs)
2019-11-20 11:04:15,547 INFO success: apache2 entered RUNNING state, process has stayed up for > than 1 seconds (startsecs)
2019-11-20 13:24:10,272 WARN received SIGINT indicating exit request
2019-11-20 13:24:10,272 INFO waiting for php7.3-fpm, php5.6-fpm, mariadb, apache2 to die
2019-11-20 13:24:10,301 INFO stopped: apache2 (terminated by SIGTERM)
2019-11-20 13:24:10,301 INFO reaped unknown pid 21
2019-11-20 13:24:12,202 INFO stopped: mariadb (exit status 0)
2019-11-20 13:24:12,210 INFO stopped: php5.6-fpm (exit status 0)
2019-11-20 13:24:12,222 INFO stopped: php7.3-fpm (exit status 0)
2019-11-20 13:24:19,275 CRIT Supervisor running as root (no user in config file)
2019-11-20 13:24:19,275 INFO Included extra file "/etc/supervisor/conf.d/supervisord.conf" during parsing
2019-11-20 13:24:19,282 INFO RPC interface 'supervisor' initialized
2019-11-20 13:24:19,282 CRIT Server 'inet_http_server' running without any HTTP authentication checking
2019-11-20 13:24:19,283 INFO RPC interface 'supervisor' initialized
2019-11-20 13:24:19,283 CRIT Server 'unix_http_server' running without any HTTP authentication checking
2019-11-20 13:24:19,283 INFO supervisord started with pid 1
2019-11-20 13:24:20,285 INFO spawned: 'php7.3-fpm' with pid 8
2019-11-20 13:24:20,286 INFO spawned: 'php5.6-fpm' with pid 9
2019-11-20 13:24:20,288 INFO spawned: 'mariadb' with pid 10
2019-11-20 13:24:20,289 INFO spawned: 'apache2' with pid 11
2019-11-20 13:24:21,418 INFO success: php7.3-fpm entered RUNNING state, process has stayed up for > than 1 seconds (startsecs)
2019-11-20 13:24:21,418 INFO success: php5.6-fpm entered RUNNING state, process has stayed up for > than 1 seconds (startsecs)
2019-11-20 13:24:21,418 INFO success: mariadb entered RUNNING state, process has stayed up for > than 1 seconds (startsecs)
2019-11-20 13:24:21,418 INFO success: apache2 entered RUNNING state, process has stayed up for > than 1 seconds (startsecs)
2019-11-20 13:27:16,507 WARN received SIGINT indicating exit request
2019-11-20 13:27:16,508 INFO waiting for php7.3-fpm, php5.6-fpm, mariadb, apache2 to die
2019-11-20 13:27:16,536 INFO stopped: apache2 (terminated by SIGTERM)
2019-11-20 13:27:16,536 INFO reaped unknown pid 21
2019-11-20 13:27:18,417 INFO stopped: mariadb (exit status 0)
2019-11-20 13:27:18,430 INFO stopped: php5.6-fpm (exit status 0)
2019-11-20 13:27:18,437 INFO stopped: php7.3-fpm (exit status 0)
2019-11-20 13:27:24,593 CRIT Supervisor running as root (no user in config file)
2019-11-20 13:27:24,593 INFO Included extra file "/etc/supervisor/conf.d/supervisord.conf" during parsing
2019-11-20 13:27:24,600 INFO RPC interface 'supervisor' initialized
2019-11-20 13:27:24,600 CRIT Server 'inet_http_server' running without any HTTP authentication checking
2019-11-20 13:27:24,600 INFO RPC interface 'supervisor' initialized
2019-11-20 13:27:24,600 CRIT Server 'unix_http_server' running without any HTTP authentication checking
2019-11-20 13:27:24,600 INFO supervisord started with pid 1
2019-11-20 13:27:25,603 INFO spawned: 'php7.3-fpm' with pid 8
2019-11-20 13:27:25,604 INFO spawned: 'php5.6-fpm' with pid 9
2019-11-20 13:27:25,606 INFO spawned: 'mariadb' with pid 10
2019-11-20 13:27:25,608 INFO spawned: 'apache2' with pid 11
2019-11-20 13:27:26,735 INFO success: php7.3-fpm entered RUNNING state, process has stayed up for > than 1 seconds (startsecs)
2019-11-20 13:27:26,735 INFO success: php5.6-fpm entered RUNNING state, process has stayed up for > than 1 seconds (startsecs)
2019-11-20 13:27:26,735 INFO success: mariadb entered RUNNING state, process has stayed up for > than 1 seconds (startsecs)
2019-11-20 13:27:26,735 INFO success: apache2 entered RUNNING state, process has stayed up for > than 1 seconds (startsecs)
2019-11-20 13:28:48,027 WARN received SIGINT indicating exit request
2019-11-20 13:28:48,027 INFO waiting for php7.3-fpm, php5.6-fpm, mariadb, apache2 to die
2019-11-20 13:28:48,056 INFO stopped: apache2 (terminated by SIGTERM)
2019-11-20 13:28:48,056 INFO reaped unknown pid 21
2019-11-20 13:28:50,658 INFO stopped: mariadb (exit status 0)
2019-11-20 13:28:50,669 INFO stopped: php5.6-fpm (exit status 0)
2019-11-20 13:28:50,674 INFO stopped: php7.3-fpm (exit status 0)
2019-11-20 13:28:56,240 CRIT Supervisor running as root (no user in config file)
2019-11-20 13:28:56,240 INFO Included extra file "/etc/supervisor/conf.d/supervisord.conf" during parsing
2019-11-20 13:28:56,248 INFO RPC interface 'supervisor' initialized
2019-11-20 13:28:56,248 CRIT Server 'inet_http_server' running without any HTTP authentication checking
2019-11-20 13:28:56,248 INFO RPC interface 'supervisor' initialized
2019-11-20 13:28:56,248 CRIT Server 'unix_http_server' running without any HTTP authentication checking
2019-11-20 13:28:56,248 INFO supervisord started with pid 1
2019-11-20 13:28:57,250 INFO spawned: 'php7.3-fpm' with pid 8
2019-11-20 13:28:57,251 INFO spawned: 'php5.6-fpm' with pid 9
2019-11-20 13:28:57,252 INFO spawned: 'mariadb' with pid 10
2019-11-20 13:28:57,254 INFO spawned: 'apache2' with pid 11
2019-11-20 13:28:58,378 INFO success: php7.3-fpm entered RUNNING state, process has stayed up for > than 1 seconds (startsecs)
2019-11-20 13:28:58,378 INFO success: php5.6-fpm entered RUNNING state, process has stayed up for > than 1 seconds (startsecs)
2019-11-20 13:28:58,379 INFO success: mariadb entered RUNNING state, process has stayed up for > than 1 seconds (startsecs)
2019-11-20 13:28:58,379 INFO success: apache2 entered RUNNING state, process has stayed up for > than 1 seconds (startsecs)
2019-11-20 13:30:23,117 WARN received SIGINT indicating exit request
2019-11-20 13:30:23,118 INFO waiting for php7.3-fpm, php5.6-fpm, mariadb, apache2 to die
2019-11-20 13:30:23,146 INFO stopped: apache2 (terminated by SIGTERM)
2019-11-20 13:30:23,146 INFO reaped unknown pid 21
2019-11-20 13:30:25,305 INFO stopped: mariadb (exit status 0)
2019-11-20 13:30:25,314 INFO stopped: php5.6-fpm (exit status 0)
2019-11-20 13:30:25,324 INFO stopped: php7.3-fpm (exit status 0)
2019-11-20 13:30:31,392 CRIT Supervisor running as root (no user in config file)
2019-11-20 13:30:31,392 INFO Included extra file "/etc/supervisor/conf.d/supervisord.conf" during parsing
2019-11-20 13:30:31,400 INFO RPC interface 'supervisor' initialized
2019-11-20 13:30:31,400 CRIT Server 'inet_http_server' running without any HTTP authentication checking
2019-11-20 13:30:31,400 INFO RPC interface 'supervisor' initialized
2019-11-20 13:30:31,400 CRIT Server 'unix_http_server' running without any HTTP authentication checking
2019-11-20 13:30:31,400 INFO supervisord started with pid 1
2019-11-20 13:30:32,403 INFO spawned: 'php7.3-fpm' with pid 9
2019-11-20 13:30:32,405 INFO spawned: 'php5.6-fpm' with pid 10
2019-11-20 13:30:32,407 INFO spawned: 'mariadb' with pid 11
2019-11-20 13:30:32,408 INFO spawned: 'apache2' with pid 12
2019-11-20 13:30:33,533 INFO success: php7.3-fpm entered RUNNING state, process has stayed up for > than 1 seconds (startsecs)
2019-11-20 13:30:33,533 INFO success: php5.6-fpm entered RUNNING state, process has stayed up for > than 1 seconds (startsecs)
2019-11-20 13:30:33,533 INFO success: mariadb entered RUNNING state, process has stayed up for > than 1 seconds (startsecs)
2019-11-20 13:30:33,533 INFO success: apache2 entered RUNNING state, process has stayed up for > than 1 seconds (startsecs)
2019-11-20 13:31:51,686 WARN received SIGINT indicating exit request
2019-11-20 13:31:51,686 INFO waiting for php7.3-fpm, php5.6-fpm, mariadb, apache2 to die
2019-11-20 13:31:51,714 INFO stopped: apache2 (terminated by SIGTERM)
2019-11-20 13:31:51,714 INFO reaped unknown pid 22
2019-11-20 13:31:54,397 INFO stopped: mariadb (exit status 0)
2019-11-20 13:31:54,406 INFO stopped: php5.6-fpm (exit status 0)
2019-11-20 13:31:54,413 INFO stopped: php7.3-fpm (exit status 0)
2019-11-20 13:32:00,793 CRIT Supervisor running as root (no user in config file)
2019-11-20 13:32:00,793 INFO Included extra file "/etc/supervisor/conf.d/supervisord.conf" during parsing
2019-11-20 13:32:00,800 INFO RPC interface 'supervisor' initialized
2019-11-20 13:32:00,800 CRIT Server 'inet_http_server' running without any HTTP authentication checking
2019-11-20 13:32:00,801 INFO RPC interface 'supervisor' initialized
2019-11-20 13:32:00,801 CRIT Server 'unix_http_server' running without any HTTP authentication checking
2019-11-20 13:32:00,801 INFO supervisord started with pid 1
2019-11-20 13:32:01,804 INFO spawned: 'php7.3-fpm' with pid 8
2019-11-20 13:32:01,806 INFO spawned: 'php5.6-fpm' with pid 9
2019-11-20 13:32:01,808 INFO spawned: 'mariadb' with pid 10
2019-11-20 13:32:01,810 INFO spawned: 'apache2' with pid 11
2019-11-20 13:32:02,938 INFO success: php7.3-fpm entered RUNNING state, process has stayed up for > than 1 seconds (startsecs)
2019-11-20 13:32:02,938 INFO success: php5.6-fpm entered RUNNING state, process has stayed up for > than 1 seconds (startsecs)
2019-11-20 13:32:02,938 INFO success: mariadb entered RUNNING state, process has stayed up for > than 1 seconds (startsecs)
2019-11-20 13:32:02,938 INFO success: apache2 entered RUNNING state, process has stayed up for > than 1 seconds (startsecs)
2019-11-20 13:38:49,315 WARN received SIGINT indicating exit request
2019-11-20 13:38:49,315 INFO waiting for php7.3-fpm, php5.6-fpm, mariadb, apache2 to die
2019-11-20 13:38:49,343 INFO stopped: apache2 (terminated by SIGTERM)
2019-11-20 13:38:49,344 INFO reaped unknown pid 21
2019-11-20 13:38:51,149 INFO stopped: mariadb (exit status 0)
2019-11-20 13:38:51,158 INFO stopped: php5.6-fpm (exit status 0)
2019-11-20 13:38:51,168 INFO stopped: php7.3-fpm (exit status 0)
2019-11-20 13:38:57,250 CRIT Supervisor running as root (no user in config file)
2019-11-20 13:38:57,250 INFO Included extra file "/etc/supervisor/conf.d/supervisord.conf" during parsing
2019-11-20 13:38:57,257 INFO RPC interface 'supervisor' initialized
2019-11-20 13:38:57,257 CRIT Server 'inet_http_server' running without any HTTP authentication checking
2019-11-20 13:38:57,258 INFO RPC interface 'supervisor' initialized
2019-11-20 13:38:57,258 CRIT Server 'unix_http_server' running without any HTTP authentication checking
2019-11-20 13:38:57,258 INFO supervisord started with pid 1
2019-11-20 13:38:58,260 INFO spawned: 'php7.3-fpm' with pid 8
2019-11-20 13:38:58,262 INFO spawned: 'php5.6-fpm' with pid 9
2019-11-20 13:38:58,263 INFO spawned: 'mariadb' with pid 10
2019-11-20 13:38:58,265 INFO spawned: 'apache2' with pid 11
2019-11-20 13:38:59,398 INFO success: php7.3-fpm entered RUNNING state, process has stayed up for > than 1 seconds (startsecs)
2019-11-20 13:38:59,398 INFO success: php5.6-fpm entered RUNNING state, process has stayed up for > than 1 seconds (startsecs)
2019-11-20 13:38:59,399 INFO success: mariadb entered RUNNING state, process has stayed up for > than 1 seconds (startsecs)
2019-11-20 13:38:59,399 INFO success: apache2 entered RUNNING state, process has stayed up for > than 1 seconds (startsecs)
